# JRE version: Java(TM) SE Runtime Environment (19.0.2+7) (build 19.0.2+7-44)
# Java VM: Java HotSpot(TM) 64-Bit Server VM (19.0.2+7-44, mixed mode, sharing, tiered, compressed oops, compressed class ptrs, g1 gc, windows-amd64)
GC Precious Log:
 CardTable entry size: 512
 Card Set container configuration: InlinePtr #cards 5 size 8 Array Of Cards #cards 12 size 40 Howl #buckets 4 coarsen threshold 1843 Howl Bitmap #cards 512 size 80 coarsen threshold 460 Card regions per heap region 1 cards per card region 2048
 CPUs: 12 total, 12 available
 Memory: 7541M
 Large Page Support: Disabled
 NUMA Support: Disabled
 Compressed Oops: Enabled (32-bit)
 Heap Region Size: 1M
 Heap Min Capacity: 8M
 Heap Initial Capacity: 118M
 Heap Max Capacity: 1886M
 Pre-touch: Disabled
 Parallel Workers: 10
 Concurrent Workers: 3
 Concurrent Refinement Workers: 10
 Periodic GC: Disabled
Heap:
 garbage-first heap   total 108544K, used 37292K [0x000000008a200000, 0x0000000100000000)
  region size 1024K, 15 young (15360K), 5 survivors (5120K)
 Metaspace       used 72198K, committed 78272K, reserved 1179648K
  class space    used 8203K, committed 9344K, reserved 1048576K
GC Heap History (20 events):
Event: 15454.567 GC heap before
{Heap before GC invocations=165 (full 43):
 garbage-first heap   total 75776K, used 55364K [0x000000008a200000, 0x0000000100000000)
  region size 1024K, 32 young (32768K), 0 survivors (0K)
 Metaspace       used 70771K, committed 78272K, reserved 1179648K
  class space    used 8103K, committed 9344K, reserved 1048576K
}
Event: 15454.571 GC heap after
{Heap after GC invocations=166 (full 43):
 garbage-first heap   total 91136K, used 25587K [0x000000008a200000, 0x0000000100000000)
  region size 1024K, 3 young (3072K), 3 survivors (3072K)
 Metaspace       used 70771K, committed 78272K, reserved 1179648K
  class space    used 8103K, committed 9344K, reserved 1048576K
}
Event: 15458.191 GC heap before
{Heap before GC invocations=166 (full 43):
 garbage-first heap   total 91136K, used 54259K [0x000000008a200000, 0x0000000100000000)
  region size 1024K, 32 young (32768K), 3 survivors (3072K)
 Metaspace       used 70996K, committed 78272K, reserved 1179648K
  class space    used 8115K, committed 9344K, reserved 1048576K
}
Event: 15458.251 GC heap after
{Heap after GC invocations=167 (full 44):
 garbage-first heap   total 86016K, used 22725K [0x000000008a200000, 0x0000000100000000)
  region size 1024K, 0 young (0K), 0 survivors (0K)
 Metaspace       used 70990K, committed 78272K, reserved 1179648K
  class space    used 8114K, committed 9344K, reserved 1048576K
}
Event: 15459.277 GC heap before
{Heap before GC invocations=167 (full 44):
 garbage-first heap   total 86016K, used 61637K [0x000000008a200000, 0x0000000100000000)
  region size 1024K, 39 young (39936K), 0 survivors (0K)
 Metaspace       used 71187K, committed 78272K, reserved 1179648K
  class space    used 8132K, committed 9344K, reserved 1048576K
}
Event: 15459.279 GC heap after
{Heap after GC invocations=168 (full 44):
 garbage-first heap   total 86016K, used 26691K [0x000000008a200000, 0x0000000100000000)
  region size 1024K, 4 young (4096K), 4 survivors (4096K)
 Metaspace       used 71187K, committed 78272K, reserved 1179648K
  class space    used 8132K, committed 9344K, reserved 1048576K
}
Event: 15463.920 GC heap before
{Heap before GC invocations=168 (full 44):
 garbage-first heap   total 86016K, used 49219K [0x000000008a200000, 0x0000000100000000)
  region size 1024K, 27 young (27648K), 4 survivors (4096K)
 Metaspace       used 71274K, committed 78272K, reserved 1179648K
  class space    used 8137K, committed 9344K, reserved 1048576K
}
Event: 15463.988 GC heap after
{Heap after GC invocations=169 (full 45):
 garbage-first heap   total 86016K, used 22940K [0x000000008a200000, 0x0000000100000000)
  region size 1024K, 0 young (0K), 0 survivors (0K)
 Metaspace       used 71268K, committed 78272K, reserved 1179648K
  class space    used 8136K, committed 9344K, reserved 1048576K
}
Event: 15465.485 GC heap before
{Heap before GC invocations=169 (full 45):
 garbage-first heap   total 86016K, used 60828K [0x000000008a200000, 0x0000000100000000)
  region size 1024K, 38 young (38912K), 0 survivors (0K)
 Metaspace       used 71462K, committed 78272K, reserved 1179648K
  class space    used 8151K, committed 9344K, reserved 1048576K
}
Event: 15465.488 GC heap after
{Heap after GC invocations=170 (full 45):
 garbage-first heap   total 86016K, used 26605K [0x000000008a200000, 0x0000000100000000)
  region size 1024K, 4 young (4096K), 4 survivors (4096K)
 Metaspace       used 71462K, committed 78272K, reserved 1179648K
  class space    used 8151K, committed 9344K, reserved 1048576K
}
Event: 15467.163 GC heap before
{Heap before GC invocations=170 (full 45):
 garbage-first heap   total 86016K, used 49133K [0x000000008a200000, 0x0000000100000000)
  region size 1024K, 27 young (27648K), 4 survivors (4096K)
 Metaspace       used 71606K, committed 78272K, reserved 1179648K
  class space    used 8159K, committed 9344K, reserved 1048576K
}
Event: 15467.226 GC heap after
{Heap after GC invocations=171 (full 46):
 garbage-first heap   total 86016K, used 23128K [0x000000008a200000, 0x0000000100000000)
  region size 1024K, 0 young (0K), 0 survivors (0K)
 Metaspace       used 71600K, committed 78272K, reserved 1179648K
  class space    used 8158K, committed 9344K, reserved 1048576K
}
Event: 15468.943 GC heap before
{Heap before GC invocations=171 (full 46):
 garbage-first heap   total 86016K, used 62040K [0x000000008a200000, 0x0000000100000000)
  region size 1024K, 39 young (39936K), 0 survivors (0K)
 Metaspace       used 71788K, committed 78272K, reserved 1179648K
  class space    used 8175K, committed 9344K, reserved 1048576K
}
Event: 15468.945 GC heap after
{Heap after GC invocations=172 (full 46):
 garbage-first heap   total 86016K, used 27137K [0x000000008a200000, 0x0000000100000000)
  region size 1024K, 4 young (4096K), 4 survivors (4096K)
 Metaspace       used 71788K, committed 78272K, reserved 1179648K
  class space    used 8175K, committed 9344K, reserved 1048576K
}
Event: 15470.522 GC heap before
{Heap before GC invocations=172 (full 46):
 garbage-first heap   total 86016K, used 48641K [0x000000008a200000, 0x0000000100000000)
  region size 1024K, 26 young (26624K), 4 survivors (4096K)
 Metaspace       used 71895K, committed 78272K, reserved 1179648K
  class space    used 8181K, committed 9344K, reserved 1048576K
}
Event: 15470.609 GC heap after
{Heap after GC invocations=173 (full 47):
 garbage-first heap   total 86016K, used 23296K [0x000000008a200000, 0x0000000100000000)
  region size 1024K, 0 young (0K), 0 survivors (0K)
 Metaspace       used 71889K, committed 78272K, reserved 1179648K
  class space    used 8180K, committed 9344K, reserved 1048576K
}
Event: 15471.986 GC heap before
{Heap before GC invocations=173 (full 47):
 garbage-first heap   total 86016K, used 61184K [0x000000008a200000, 0x0000000100000000)
  region size 1024K, 38 young (38912K), 0 survivors (0K)
 Metaspace       used 72050K, committed 78272K, reserved 1179648K
  class space    used 8195K, committed 9344K, reserved 1048576K
}
Event: 15471.989 GC heap after
{Heap after GC invocations=174 (full 47):
 garbage-first heap   total 108544K, used 27000K [0x000000008a200000, 0x0000000100000000)
  region size 1024K, 4 young (4096K), 4 survivors (4096K)
 Metaspace       used 72050K, committed 78272K, reserved 1179648K
  class space    used 8195K, committed 9344K, reserved 1048576K
}
Event: 15533.031 GC heap before
{Heap before GC invocations=174 (full 47):
 garbage-first heap   total 108544K, used 76152K [0x000000008a200000, 0x0000000100000000)
  region size 1024K, 53 young (54272K), 4 survivors (4096K)
 Metaspace       used 72182K, committed 78272K, reserved 1179648K
  class space    used 8202K, committed 9344K, reserved 1048576K
}
Event: 15533.057 GC heap after
{Heap after GC invocations=175 (full 47):
 garbage-first heap   total 108544K, used 28076K [0x000000008a200000, 0x0000000100000000)
  region size 1024K, 5 young (5120K), 5 survivors (5120K)
 Metaspace       used 72182K, committed 78272K, reserved 1179648K
  class space    used 8202K, committed 9344K, reserved 1048576K
}

